{"/home/nikolay/code/barbershop/packages/client/src/components/Hello.tsx": {"path":"/home/nikolay/code/barbershop/packages/client/src/components/Hello.tsx","statementMap":{"0":{"start":{"line":5,"column":13},"end":{"line":6,"column":null}},"1":{"start":{"line":6,"column":2},"end":{"line":6,"column":null}}},"fnMap":{"0":{"name":"(anonymous_0)","decl":{"start":{"line":5,"column":13},"end":{"line":5,"column":22}},"loc":{"start":{"line":5,"column":55},"end":{"line":6,"column":null}},"line":5}},"branchMap":{"0":{"loc":{"start":{"line":5,"column":24},"end":{"line":5,"column":55}},"type":"default-arg","locations":[{"start":{"line":5,"column":31},"end":{"line":5,"column":55}}],"line":5}},"s":{"0":1,"1":2},"f":{"0":2},"b":{"0":[2]},"meta":{"lastBranch":1,"lastFunction":1,"lastStatement":2,"seen":{"s:5:13:6:Infinity":0,"f:5:13:5:22":0,"b:5:31:5:55":0,"s:6:2:6:Infinity":1}}}
}
